Symbol range map extraction starting
Processing 11 files
startProcessing "ddv12138\BlackGold\BlackGold.java" md5: 769cf8c1283add11197d89e3720397bb
endProcessing "ddv12138\BlackGold\BlackGold.java"

startProcessing "ddv12138\BlackGold\client\ClientProxy.java" md5: b6bddbf5ce2f29a527544f7c6c77d38c
Cache Hit!
endProcessing "ddv12138\BlackGold\client\ClientProxy.java"

startProcessing "ddv12138\BlackGold\common\CommonProxy.java" md5: d239ff39d6972842868ebcec71057572
endProcessing "ddv12138\BlackGold\common\CommonProxy.java"

startProcessing "ddv12138\BlackGold\common\block\BlockLoader.java" md5: 04b49f063680b4b0af05a1020b2f9f60
Cache Hit!
endProcessing "ddv12138\BlackGold\common\block\BlockLoader.java"

startProcessing "ddv12138\BlackGold\common\block\Block_BlackGold.java" md5: 87f6e0b95a2762669dbc0fceefd04c12
endProcessing "ddv12138\BlackGold\common\block\Block_BlackGold.java"

startProcessing "ddv12138\BlackGold\common\item\Armor\Item_BlackGoldArmor.java" md5: 3b52d759dfce8880a0fdd7cb27c6e6f6
endProcessing "ddv12138\BlackGold\common\item\Armor\Item_BlackGoldArmor.java"

startProcessing "ddv12138\BlackGold\common\item\Item_BlackGoldIngot.java" md5: 2180d271ec9415e90b2343d732ee3aa2
Cache Hit!
endProcessing "ddv12138\BlackGold\common\item\Item_BlackGoldIngot.java"

startProcessing "ddv12138\BlackGold\common\item\Item_BlackGoldPickAxe.java" md5: bdc79473112d407d4fa9edeb829968c3
Cache Hit!
endProcessing "ddv12138\BlackGold\common\item\Item_BlackGoldPickAxe.java"

startProcessing "ddv12138\BlackGold\common\item\Itemloader.java" md5: aea526eb62891a4e8fa064a34db6a547
Cache Hit!
endProcessing "ddv12138\BlackGold\common\item\Itemloader.java"

startProcessing "ddv12138\BlackGold\common\tab\bgtab.java" md5: 4e517592c02420196640c0e34f364507
Cache Hit!
endProcessing "ddv12138\BlackGold\common\tab\bgtab.java"

startProcessing "ddv12138\BlackGold\common\world\gen\OreGenEventHandler.java" md5: 76a9573814924c46ebdcc4136d5dba1a
Cache Hit!
endProcessing "ddv12138\BlackGold\common\world\gen\OreGenEventHandler.java"

