[20:24:18] [main/INFO]: Setting user: Player736
[20:24:25] [main/WARN]: Skipping bad option: lastServer:
[20:24:25] [main/INFO]: LWJGL Version: 2.9.4
[20:24:34] [main/INFO]: Reloading ResourceManager: Default, FMLFileResourcePack:Forge Mod Loader, FMLFileResourcePack:Minecraft Forge, FMLFileResourcePack:blackgold
[20:24:41] [Sound Library Loader/INFO]: Starting up SoundSystem...
[20:24:41] [Thread-5/INFO]: Initializing LWJGL OpenAL
[20:24:41] [Thread-5/INFO]: (The LWJGL binding of OpenAL.  For more information, see http://www.lwjgl.org)
[20:24:41] [Thread-5/INFO]: OpenAL initialized.
[20:24:42] [Sound Library Loader/INFO]: Sound engine started
[20:24:52] [main/INFO]: Created: 512x512 textures-atlas
[20:24:58] [main/WARN]: Skipping bad option: lastServer:
[20:24:58] [main/INFO]: Narrator library for x64 successfully loaded
[20:25:20] [Server thread/INFO]: Starting integrated minecraft server version 1.12
[20:25:20] [Server thread/INFO]: Generating keypair
[20:25:21] [Server thread/INFO]: Loaded 488 advancements
[20:25:21] [Server thread/INFO]: Preparing start region for level 0
[20:25:22] [Server thread/INFO]: Preparing spawn area: 9%
[20:25:23] [Server thread/INFO]: Preparing spawn area: 99%
[20:25:24] [Server thread/INFO]: Changing view distance to 12, from 10
[20:25:27] [Server thread/INFO]: Player736[local:E:1e2d686a] logged in with entity id 260 at (-204.05216121594358, 80.0, 187.54805257765747)
[20:25:27] [Server thread/INFO]: Player736加入了游戏
[20:25:30] [Server thread/INFO]: Saving and pausing game...
[20:25:30] [Server thread/INFO]: Saving chunks for level 'New World'/overworld
[20:25:30] [Server thread/INFO]: Saving chunks for level 'New World'/the_nether
[20:25:30] [Server thread/INFO]: Saving chunks for level 'New World'/the_end
[20:25:31] [pool-2-thread-1/WARN]: Couldn't look up profile properties for com.mojang.authlib.GameProfile@22bc7c75[id=6ab97267-d569-3e8b-a487-d3c860281e7e,name=Player736,properties={},legacy=false]
com.mojang.authlib.exceptions.AuthenticationException: The client has sent too many requests within a certain amount of time
	at com.mojang.authlib.yggdrasil.YggdrasilAuthenticationService.makeRequest(YggdrasilAuthenticationService.java:79) ~[YggdrasilAuthenticationService.class:?]
	at com.mojang.authlib.yggdrasil.YggdrasilMinecraftSessionService.fillGameProfile(YggdrasilMinecraftSessionService.java:180) [YggdrasilMinecraftSessionService.class:?]
	at com.mojang.authlib.yggdrasil.YggdrasilMinecraftSessionService$1.load(YggdrasilMinecraftSessionService.java:60) [YggdrasilMinecraftSessionService$1.class:?]
	at com.mojang.authlib.yggdrasil.YggdrasilMinecraftSessionService$1.load(YggdrasilMinecraftSessionService.java:57) [YggdrasilMinecraftSessionService$1.class:?]
	at com.google.common.cache.LocalCache$LoadingValueReference.loadFuture(LocalCache.java:3716) [guava-21.0.jar:?]
	at com.google.common.cache.LocalCache$Segment.loadSync(LocalCache.java:2424) [guava-21.0.jar:?]
	at com.google.common.cache.LocalCache$Segment.lockedGetOrLoad(LocalCache.java:2298) [guava-21.0.jar:?]
	at com.google.common.cache.LocalCache$Segment.get(LocalCache.java:2211) [guava-21.0.jar:?]
	at com.google.common.cache.LocalCache.get(LocalCache.java:4154) [guava-21.0.jar:?]
	at com.google.common.cache.LocalCache.getOrLoad(LocalCache.java:4158) [guava-21.0.jar:?]
	at com.google.common.cache.LocalCache$LocalLoadingCache.get(LocalCache.java:5147) [guava-21.0.jar:?]
	at com.google.common.cache.LocalCache$LocalLoadingCache.getUnchecked(LocalCache.java:5153) [guava-21.0.jar:?]
	at com.mojang.authlib.yggdrasil.YggdrasilMinecraftSessionService.fillProfileProperties(YggdrasilMinecraftSessionService.java:170) [YggdrasilMinecraftSessionService.class:?]
	at net.minecraft.client.Minecraft.getProfileProperties(Minecraft.java:3156) [Minecraft.class:?]
	at net.minecraft.client.resources.SkinManager$3.run(SkinManager.java:138) [SkinManager$3.class:?]
	at java.util.concurrent.Executors$RunnableAdapter.call(Executors.java:511) [?:1.8.0_101]
	at java.util.concurrent.FutureTask.run(FutureTask.java:266) [?:1.8.0_101]
	at java.util.concurrent.ThreadPoolExecutor.runWorker(ThreadPoolExecutor.java:1142) [?:1.8.0_101]
	at java.util.concurrent.ThreadPoolExecutor$Worker.run(ThreadPoolExecutor.java:617) [?:1.8.0_101]
	at java.lang.Thread.run(Thread.java:745) [?:1.8.0_101]
[20:25:44] [main/WARN]: Failed to load texture: blackgold:textures/models/armor/blackgold_layer_1.png
java.io.FileNotFoundException: blackgold:textures/models/armor/blackgold_layer_1.png
	at net.minecraft.client.resources.FallbackResourceManager.getResource(FallbackResourceManager.java:69) ~[FallbackResourceManager.class:?]
	at net.minecraft.client.resources.SimpleReloadableResourceManager.getResource(SimpleReloadableResourceManager.java:65) ~[SimpleReloadableResourceManager.class:?]
	at net.minecraft.client.renderer.texture.SimpleTexture.loadTexture(SimpleTexture.java:34) ~[SimpleTexture.class:?]
	at net.minecraft.client.renderer.texture.TextureManager.loadTexture(TextureManager.java:69) [TextureManager.class:?]
	at net.minecraft.client.renderer.texture.TextureManager.bindTexture(TextureManager.java:44) [TextureManager.class:?]
	at net.minecraft.client.renderer.entity.Render.bindTexture(Render.java:130) [Render.class:?]
	at net.minecraft.client.renderer.entity.layers.LayerArmorBase.renderArmorLayer(LayerArmorBase.java:66) [LayerArmorBase.class:?]
	at net.minecraft.client.renderer.entity.layers.LayerArmorBase.doRenderLayer(LayerArmorBase.java:42) [LayerArmorBase.class:?]
	at net.minecraft.client.renderer.entity.RenderLivingBase.renderLayers(RenderLivingBase.java:459) [RenderLivingBase.class:?]
	at net.minecraft.client.renderer.entity.RenderLivingBase.doRender(RenderLivingBase.java:194) [RenderLivingBase.class:?]
	at net.minecraft.client.renderer.entity.RenderPlayer.doRender(RenderPlayer.java:75) [RenderPlayer.class:?]
	at net.minecraft.client.renderer.entity.RenderPlayer.doRender(RenderPlayer.java:28) [RenderPlayer.class:?]
	at net.minecraft.client.renderer.entity.RenderManager.doRenderEntity(RenderManager.java:390) [RenderManager.class:?]
	at net.minecraft.client.gui.inventory.GuiInventory.drawEntityOnScreen(GuiInventory.java:153) [GuiInventory.class:?]
	at net.minecraft.client.gui.inventory.GuiContainerCreative.drawGuiContainerBackgroundLayer(GuiContainerCreative.java:848) [GuiContainerCreative.class:?]
	at net.minecraft.client.gui.inventory.GuiContainer.drawScreen(GuiContainer.java:93) [GuiContainer.class:?]
	at net.minecraft.client.renderer.InventoryEffectRenderer.drawScreen(InventoryEffectRenderer.java:59) [InventoryEffectRenderer.class:?]
	at net.minecraft.client.gui.inventory.GuiContainerCreative.drawScreen(GuiContainerCreative.java:687) [GuiContainerCreative.class:?]
	at net.minecraftforge.client.ForgeHooksClient.drawScreen(ForgeHooksClient.java:349) [ForgeHooksClient.class:?]
	at net.minecraft.client.renderer.EntityRenderer.updateCameraAndRender(EntityRenderer.java:1168) [EntityRenderer.class:?]
	at net.minecraft.client.Minecraft.runGameLoop(Minecraft.java:1192) [Minecraft.class:?]
	at net.minecraft.client.Minecraft.run(Minecraft.java:436) [Minecraft.class:?]
	at net.minecraft.client.main.Main.main(Main.java:118) [Main.class:?]
	at sun.reflect.NativeMethodAccessorImpl.invoke0(Native Method) ~[?:1.8.0_101]
	at sun.reflect.NativeMethodAccessorImpl.invoke(NativeMethodAccessorImpl.java:62) ~[?:1.8.0_101]
	at sun.reflect.DelegatingMethodAccessorImpl.invoke(DelegatingMethodAccessorImpl.java:43) ~[?:1.8.0_101]
	at java.lang.reflect.Method.invoke(Method.java:498) ~[?:1.8.0_101]
	at net.minecraft.launchwrapper.Launch.launch(Launch.java:135) [launchwrapper-1.12.jar:?]
	at net.minecraft.launchwrapper.Launch.main(Launch.java:28) [launchwrapper-1.12.jar:?]
	at sun.reflect.NativeMethodAccessorImpl.invoke0(Native Method) ~[?:1.8.0_101]
	at sun.reflect.NativeMethodAccessorImpl.invoke(NativeMethodAccessorImpl.java:62) ~[?:1.8.0_101]
	at sun.reflect.DelegatingMethodAccessorImpl.invoke(DelegatingMethodAccessorImpl.java:43) ~[?:1.8.0_101]
	at java.lang.reflect.Method.invoke(Method.java:498) ~[?:1.8.0_101]
	at net.minecraftforge.gradle.GradleStartCommon.launch(GradleStartCommon.java:97) [start/:?]
	at GradleStart.main(GradleStart.java:26) [start/:?]
[20:27:45] [Server thread/INFO]: [Player736: 更换到无天气]
[20:27:45] [main/INFO]: [CHAT] 更换到无天气
[20:28:16] [Server thread/INFO]: Saving and pausing game...
[20:28:16] [Server thread/INFO]: Saving chunks for level 'New World'/overworld
[20:28:16] [Server thread/INFO]: Saving chunks for level 'New World'/the_nether
[20:28:16] [Server thread/INFO]: Saving chunks for level 'New World'/the_end
[20:28:17] [Server thread/INFO]: Stopping server
[20:28:17] [Server thread/INFO]: Saving players
[20:28:17] [Server thread/INFO]: Player736 lost connection: 连接中止
[20:28:17] [Server thread/INFO]: Player736退出了游戏
[20:28:17] [Server thread/INFO]: Stopping singleplayer server as player logged out
[20:28:17] [Server thread/INFO]: Saving worlds
[20:28:17] [Server thread/INFO]: Saving chunks for level 'New World'/overworld
[20:28:17] [Server thread/INFO]: Saving chunks for level 'New World'/the_nether
[20:28:17] [Server thread/INFO]: Saving chunks for level 'New World'/the_end
[20:28:19] [main/INFO]: Stopping!
[20:28:19] [main/INFO]: SoundSystem shutting down...
[20:28:20] [main/WARN]: Author: Paul Lamb, www.paulscode.com
